2026-03-24 08:06:45,439 - main - INFO - === Logging system initialized ===
2026-03-24 08:06:45,439 - main - INFO - Log file: logs/app_20260324_080645.log
2026-03-24 08:06:45,439 - main - INFO - Log level: INFO
2026-03-24 08:06:45,439 - main - INFO - Timestamp: 20260324_080645
2026-03-24 08:06:46,199 - main - INFO - Included router: routers.aihub.router
2026-03-24 08:06:46,244 - main - INFO - Included router: routers.article_reads.router
2026-03-24 08:06:46,252 - main - INFO - Included router: routers.article_reads_custom.router
2026-03-24 08:06:46,272 - main - INFO - Included router: routers.auth.router
2026-03-24 08:06:46,274 - main - INFO - Included router: routers.health.router
2026-03-24 08:06:46,302 - main - INFO - Included router: routers.settings.router
2026-03-24 08:06:46,338 - main - INFO - Included router: routers.storage.router
2026-03-24 08:06:46,348 - main - INFO - Included router: routers.user.router
2026-03-24 08:06:46,350 - main - INFO - === Application startup initiated ===
2026-03-24 08:06:46,350 - services.database - INFO - Ignore creating tables
2026-03-24 08:06:46,350 - services.mock_data - INFO - Ignore initialize data
2026-03-24 08:06:46,351 - services.auth - INFO - Ignore initialize admin
2026-03-24 08:06:46,351 - main - INFO - === Application startup completed successfully ===
2026-03-24 08:06:51,124 - core.database - DEBUG - [DB_OP] Starting get_db session creation
2026-03-24 08:06:51,124 - core.database - WARNING - Database session maker not available, attempting lazy initialization...
2026-03-24 08:06:51,124 - core.database - WARNING - Database not initialized, attempting lazy initialization...
2026-03-24 08:06:51,124 - core.database - INFO - Starting database initialization...
2026-03-24 08:06:51,124 - core.config - DEBUG - Read dynamic attribute database_url from environment variable DATABASE_URL
2026-03-24 08:06:51,125 - core.database - INFO - Normalizing database URL for async compatibility...
2026-03-24 08:06:51,125 - core.database - INFO - Creating async database engine...
2026-03-24 08:06:51,125 - core.database - INFO - Using QueuePool with connection pooling for non-Lambda environment
2026-03-24 08:06:51,245 - core.database - INFO - Database engine created successfully
2026-03-24 08:06:51,245 - core.database - INFO - Creating async session maker...
2026-03-24 08:06:51,246 - core.database - INFO - Async session maker created successfully
2026-03-24 08:06:51,246 - core.database - INFO - Database connection initialized successfully
2026-03-24 08:06:51,246 - core.database - DEBUG - [DB_OP] Starting create_tables
2026-03-24 08:06:51,246 - core.database - INFO - 🔧 Starting table creation...
2026-03-24 08:06:52,533 - core.database - INFO - Tables initialized successfully
2026-03-24 08:06:52,534 - core.database - DEBUG - [DB_OP] Create tables completed in 1.2881s
2026-03-24 08:06:52,594 - core.database - INFO - Lazy database initialization completed successfully
2026-03-24 08:06:52,595 - core.database - DEBUG - [DB_OP] Database session created successfully in 1.4709s
2026-03-24 08:06:53,014 - core.database - DEBUG - [DB_OP] Database session cleanup after 1.8898s
2026-03-24 08:06:56,777 - core.database - DEBUG - [DB_OP] Starting get_db session creation
2026-03-24 08:06:56,777 - core.database - DEBUG - [DB_OP] Database session created successfully in 0.0004s
2026-03-24 08:06:57,311 - core.database - DEBUG - [DB_OP] Database session cleanup after 0.5340s
2026-03-24 08:09:44,850 - core.database - DEBUG - [DB_OP] Starting get_db session creation
2026-03-24 08:09:44,851 - core.database - DEBUG - [DB_OP] Database session created successfully in 0.0005s
2026-03-24 08:09:45,147 - core.database - DEBUG - [DB_OP] Database session cleanup after 0.2967s
2026-03-24 08:10:01,556 - core.database - DEBUG - [DB_OP] Starting get_db session creation
2026-03-24 08:10:01,556 - core.database - DEBUG - [DB_OP] Database session created successfully in 0.0006s
2026-03-24 08:10:01,852 - core.database - DEBUG - [DB_OP] Database session cleanup after 0.2967s
2026-03-24 08:10:05,815 - core.database - DEBUG - [DB_OP] Starting get_db session creation
2026-03-24 08:10:05,815 - core.database - DEBUG - [DB_OP] Database session created successfully in 0.0005s
2026-03-24 08:10:06,110 - core.database - DEBUG - [DB_OP] Database session cleanup after 0.2956s
2026-03-24 08:10:38,600 - core.database - DEBUG - [DB_OP] Starting get_db session creation
2026-03-24 08:10:38,600 - core.database - DEBUG - [DB_OP] Database session created successfully in 0.0007s
2026-03-24 08:10:38,897 - core.database - DEBUG - [DB_OP] Database session cleanup after 0.2974s
2026-03-24 08:10:49,031 - core.database - DEBUG - [DB_OP] Starting get_db session creation
2026-03-24 08:10:49,031 - core.database - DEBUG - [DB_OP] Database session created successfully in 0.0004s
2026-03-24 08:10:49,326 - core.database - DEBUG - [DB_OP] Database session cleanup after 0.2958s
2026-03-24 08:11:14,408 - services.database - DEBUG - [DB_OP] Starting database close
2026-03-24 08:11:14,472 - core.database - INFO - Database connection closed and engine disposed
2026-03-24 08:11:14,472 - services.database - INFO - Database connections closed
2026-03-24 08:11:14,473 - services.database - DEBUG - [DB_OP] Database close completed in 0.0641s
