2026-03-24 08:11:26,408 - main - INFO - === Logging system initialized ===
2026-03-24 08:11:26,408 - main - INFO - Log file: logs/app_20260324_081126.log
2026-03-24 08:11:26,409 - main - INFO - Log level: INFO
2026-03-24 08:11:26,409 - main - INFO - Timestamp: 20260324_081126
2026-03-24 08:11:27,203 - main - INFO - Included router: routers.aihub.router
2026-03-24 08:11:27,250 - main - INFO - Included router: routers.article_reads.router
2026-03-24 08:11:27,260 - main - INFO - Included router: routers.article_reads_custom.router
2026-03-24 08:11:27,283 - main - INFO - Included router: routers.auth.router
2026-03-24 08:11:27,286 - main - INFO - Included router: routers.health.router
2026-03-24 08:11:27,306 - main - INFO - Included router: routers.settings.router
2026-03-24 08:11:27,342 - main - INFO - Included router: routers.storage.router
2026-03-24 08:11:27,352 - main - INFO - Included router: routers.user.router
2026-03-24 08:11:27,354 - main - INFO - === Application startup initiated ===
2026-03-24 08:11:27,354 - services.database - INFO - Ignore creating tables
2026-03-24 08:11:27,354 - services.mock_data - INFO - Ignore initialize data
2026-03-24 08:11:27,354 - services.auth - INFO - Ignore initialize admin
2026-03-24 08:11:27,354 - main - INFO - === Application startup completed successfully ===
2026-03-24 08:11:31,770 - core.database - DEBUG - [DB_OP] Starting get_db session creation
2026-03-24 08:11:31,771 - core.database - WARNING - Database session maker not available, attempting lazy initialization...
2026-03-24 08:11:31,771 - core.database - WARNING - Database not initialized, attempting lazy initialization...
2026-03-24 08:11:31,771 - core.database - INFO - Starting database initialization...
2026-03-24 08:11:31,771 - core.config - DEBUG - Read dynamic attribute database_url from environment variable DATABASE_URL
2026-03-24 08:11:31,771 - core.database - INFO - Normalizing database URL for async compatibility...
2026-03-24 08:11:31,772 - core.database - INFO - Creating async database engine...
2026-03-24 08:11:31,772 - core.database - INFO - Using QueuePool with connection pooling for non-Lambda environment
2026-03-24 08:11:31,909 - core.database - INFO - Database engine created successfully
2026-03-24 08:11:31,910 - core.database - INFO - Creating async session maker...
2026-03-24 08:11:31,910 - core.database - INFO - Async session maker created successfully
2026-03-24 08:11:31,910 - core.database - INFO - Database connection initialized successfully
2026-03-24 08:11:31,910 - core.database - DEBUG - [DB_OP] Starting create_tables
2026-03-24 08:11:31,910 - core.database - INFO - 🔧 Starting table creation...
2026-03-24 08:11:33,204 - core.database - INFO - Tables initialized successfully
2026-03-24 08:11:33,204 - core.database - DEBUG - [DB_OP] Create tables completed in 1.2939s
2026-03-24 08:11:33,264 - core.database - INFO - Lazy database initialization completed successfully
2026-03-24 08:11:33,264 - core.database - DEBUG - [DB_OP] Database session created successfully in 1.4940s
2026-03-24 08:11:33,682 - core.database - DEBUG - [DB_OP] Database session cleanup after 1.9112s
2026-03-24 08:13:26,593 - core.database - DEBUG - [DB_OP] Starting get_db session creation
2026-03-24 08:13:26,594 - core.database - DEBUG - [DB_OP] Database session created successfully in 0.0005s
2026-03-24 08:13:26,891 - core.database - DEBUG - [DB_OP] Database session cleanup after 0.2982s
2026-03-24 08:13:32,477 - core.database - DEBUG - [DB_OP] Starting get_db session creation
2026-03-24 08:13:32,478 - core.database - DEBUG - [DB_OP] Database session created successfully in 0.0005s
2026-03-24 08:13:32,773 - core.database - DEBUG - [DB_OP] Database session cleanup after 0.2958s
2026-03-24 08:13:37,524 - core.database - DEBUG - [DB_OP] Starting get_db session creation
2026-03-24 08:13:37,524 - core.database - DEBUG - [DB_OP] Database session created successfully in 0.0004s
2026-03-24 08:13:38,059 - core.database - DEBUG - [DB_OP] Database session cleanup after 0.5351s
2026-03-24 08:13:48,295 - core.database - DEBUG - [DB_OP] Starting get_db session creation
2026-03-24 08:13:48,296 - core.database - DEBUG - [DB_OP] Database session created successfully in 0.0005s
2026-03-24 08:13:48,591 - core.database - DEBUG - [DB_OP] Database session cleanup after 0.2953s
2026-03-24 08:13:50,409 - core.database - DEBUG - [DB_OP] Starting get_db session creation
2026-03-24 08:13:50,409 - core.database - DEBUG - [DB_OP] Database session created successfully in 0.0004s
2026-03-24 08:13:50,825 - core.database - DEBUG - [DB_OP] Database session cleanup after 0.4163s
2026-03-24 08:14:49,034 - core.database - DEBUG - [DB_OP] Starting get_db session creation
2026-03-24 08:14:49,035 - core.database - DEBUG - [DB_OP] Database session created successfully in 0.0004s
2026-03-24 08:14:49,450 - core.database - DEBUG - [DB_OP] Database session cleanup after 0.4160s
2026-03-24 08:15:27,058 - core.database - DEBUG - [DB_OP] Starting get_db session creation
2026-03-24 08:15:27,058 - core.database - DEBUG - [DB_OP] Database session created successfully in 0.0004s
2026-03-24 08:15:27,353 - core.database - DEBUG - [DB_OP] Database session cleanup after 0.2948s
2026-03-24 08:15:34,876 - core.database - DEBUG - [DB_OP] Starting get_db session creation
2026-03-24 08:15:34,877 - core.database - DEBUG - [DB_OP] Database session created successfully in 0.0006s
2026-03-24 08:15:35,297 - core.database - DEBUG - [DB_OP] Database session cleanup after 0.4209s
2026-03-24 08:16:07,147 - core.database - DEBUG - [DB_OP] Starting get_db session creation
2026-03-24 08:16:07,148 - core.database - DEBUG - [DB_OP] Database session created successfully in 0.0004s
2026-03-24 08:16:07,564 - core.database - DEBUG - [DB_OP] Database session cleanup after 0.4168s
2026-03-24 08:16:25,824 - core.database - DEBUG - [DB_OP] Starting get_db session creation
2026-03-24 08:16:25,824 - core.database - DEBUG - [DB_OP] Database session created successfully in 0.0004s
2026-03-24 08:16:26,241 - core.database - DEBUG - [DB_OP] Database session cleanup after 0.4170s
2026-03-24 08:22:04,411 - core.database - DEBUG - [DB_OP] Starting get_db session creation
2026-03-24 08:22:04,411 - core.database - DEBUG - [DB_OP] Database session created successfully in 0.0004s
2026-03-24 08:22:05,291 - core.database - DEBUG - [DB_OP] Database session cleanup after 0.8801s
2026-03-24 08:23:20,403 - core.database - DEBUG - [DB_OP] Starting get_db session creation
2026-03-24 08:23:20,404 - core.database - DEBUG - [DB_OP] Database session created successfully in 0.0004s
2026-03-24 08:23:20,758 - core.database - DEBUG - [DB_OP] Database session cleanup after 0.3542s
2026-03-24 08:23:37,352 - core.database - DEBUG - [DB_OP] Starting get_db session creation
2026-03-24 08:23:37,353 - core.database - DEBUG - [DB_OP] Database session created successfully in 0.0005s
2026-03-24 08:23:37,653 - core.database - DEBUG - [DB_OP] Database session cleanup after 0.3012s
2026-03-24 08:24:10,339 - core.database - DEBUG - [DB_OP] Starting get_db session creation
2026-03-24 08:24:10,339 - core.database - DEBUG - [DB_OP] Database session created successfully in 0.0005s
2026-03-24 08:24:10,675 - core.database - DEBUG - [DB_OP] Database session cleanup after 0.3359s
2026-03-24 08:24:24,477 - core.database - DEBUG - [DB_OP] Starting get_db session creation
2026-03-24 08:24:24,478 - core.database - DEBUG - [DB_OP] Database session created successfully in 0.0005s
2026-03-24 08:24:24,775 - core.database - DEBUG - [DB_OP] Database session cleanup after 0.2974s
2026-03-24 08:24:48,739 - services.database - DEBUG - [DB_OP] Starting database close
2026-03-24 08:24:48,801 - core.database - INFO - Database connection closed and engine disposed
2026-03-24 08:24:48,801 - services.database - INFO - Database connections closed
2026-03-24 08:24:48,801 - services.database - DEBUG - [DB_OP] Database close completed in 0.0621s
