2026-03-24 06:34:17,774 - main - INFO - === Logging system initialized ===
2026-03-24 06:34:17,774 - main - INFO - Log file: logs/app_20260324_063417.log
2026-03-24 06:34:17,774 - main - INFO - Log level: INFO
2026-03-24 06:34:17,774 - main - INFO - Timestamp: 20260324_063417
2026-03-24 06:34:19,962 - main - INFO - Included router: routers.aihub.router
2026-03-24 06:34:20,012 - main - INFO - Included router: routers.article_reads.router
2026-03-24 06:34:20,040 - main - INFO - Included router: routers.article_reads_custom.router
2026-03-24 06:34:20,059 - main - INFO - Included router: routers.auth.router
2026-03-24 06:34:20,062 - main - INFO - Included router: routers.health.router
2026-03-24 06:34:20,082 - main - INFO - Included router: routers.settings.router
2026-03-24 06:34:20,121 - main - INFO - Included router: routers.storage.router
2026-03-24 06:34:20,130 - main - INFO - Included router: routers.user.router
2026-03-24 06:34:20,132 - main - INFO - === Application startup initiated ===
2026-03-24 06:34:20,132 - services.database - INFO - Ignore creating tables
2026-03-24 06:34:20,132 - services.mock_data - INFO - Ignore initialize data
2026-03-24 06:34:20,133 - services.auth - INFO - Ignore initialize admin
2026-03-24 06:34:20,133 - main - INFO - === Application startup completed successfully ===
2026-03-24 06:34:24,059 - core.database - DEBUG - [DB_OP] Starting get_db session creation
2026-03-24 06:34:24,059 - core.database - WARNING - Database session maker not available, attempting lazy initialization...
2026-03-24 06:34:24,059 - core.database - WARNING - Database not initialized, attempting lazy initialization...
2026-03-24 06:34:24,060 - core.database - INFO - Starting database initialization...
2026-03-24 06:34:24,060 - core.config - DEBUG - Read dynamic attribute database_url from environment variable DATABASE_URL
2026-03-24 06:34:24,060 - core.database - INFO - Normalizing database URL for async compatibility...
2026-03-24 06:34:24,060 - core.database - INFO - Creating async database engine...
2026-03-24 06:34:24,061 - core.database - INFO - Using QueuePool with connection pooling for non-Lambda environment
2026-03-24 06:34:24,198 - core.database - INFO - Database engine created successfully
2026-03-24 06:34:24,199 - core.database - INFO - Creating async session maker...
2026-03-24 06:34:24,199 - core.database - INFO - Async session maker created successfully
2026-03-24 06:34:24,199 - core.database - INFO - Database connection initialized successfully
2026-03-24 06:34:24,199 - core.database - DEBUG - [DB_OP] Starting create_tables
2026-03-24 06:34:24,199 - core.database - INFO - 🔧 Starting table creation...
2026-03-24 06:34:25,515 - core.database - INFO - Tables initialized successfully
2026-03-24 06:34:25,515 - core.database - DEBUG - [DB_OP] Create tables completed in 1.3162s
2026-03-24 06:34:25,575 - core.database - INFO - Lazy database initialization completed successfully
2026-03-24 06:34:25,576 - core.database - DEBUG - [DB_OP] Database session created successfully in 1.5166s
2026-03-24 06:34:25,998 - core.database - DEBUG - [DB_OP] Database session cleanup after 1.9388s
2026-03-24 06:36:06,357 - core.database - DEBUG - [DB_OP] Starting get_db session creation
2026-03-24 06:36:06,358 - core.database - DEBUG - [DB_OP] Database session created successfully in 0.0008s
2026-03-24 06:36:06,660 - core.database - DEBUG - [DB_OP] Database session cleanup after 0.3032s
2026-03-24 06:36:38,358 - core.database - DEBUG - [DB_OP] Starting get_db session creation
2026-03-24 06:36:38,359 - core.database - DEBUG - [DB_OP] Database session created successfully in 0.0007s
2026-03-24 06:36:38,661 - core.database - DEBUG - [DB_OP] Database session cleanup after 0.3033s
2026-03-24 06:37:09,362 - core.database - DEBUG - [DB_OP] Starting get_db session creation
2026-03-24 06:37:09,362 - core.database - DEBUG - [DB_OP] Database session created successfully in 0.0005s
2026-03-24 06:37:09,663 - core.database - DEBUG - [DB_OP] Database session cleanup after 0.3019s
2026-03-24 06:37:31,747 - core.database - DEBUG - [DB_OP] Starting get_db session creation
2026-03-24 06:37:31,747 - core.database - DEBUG - [DB_OP] Database session created successfully in 0.0006s
2026-03-24 06:37:32,049 - core.database - DEBUG - [DB_OP] Database session cleanup after 0.3024s
2026-03-24 06:38:08,988 - core.database - DEBUG - [DB_OP] Starting get_db session creation
2026-03-24 06:38:08,989 - core.database - DEBUG - [DB_OP] Database session created successfully in 0.0006s
2026-03-24 06:38:09,309 - core.database - DEBUG - [DB_OP] Database session cleanup after 0.3212s
2026-03-24 06:38:33,135 - core.database - DEBUG - [DB_OP] Starting get_db session creation
2026-03-24 06:38:33,135 - core.database - DEBUG - [DB_OP] Database session created successfully in 0.0006s
2026-03-24 06:38:33,439 - core.database - DEBUG - [DB_OP] Database session cleanup after 0.3037s
2026-03-24 06:38:55,912 - services.database - DEBUG - [DB_OP] Starting database close
2026-03-24 06:38:55,976 - core.database - INFO - Database connection closed and engine disposed
2026-03-24 06:38:55,976 - services.database - INFO - Database connections closed
2026-03-24 06:38:55,977 - services.database - DEBUG - [DB_OP] Database close completed in 0.0650s
