2026-03-24 06:57:49,132 - main - INFO - === Logging system initialized ===
2026-03-24 06:57:49,132 - main - INFO - Log file: logs/app_20260324_065749.log
2026-03-24 06:57:49,132 - main - INFO - Log level: INFO
2026-03-24 06:57:49,132 - main - INFO - Timestamp: 20260324_065749
2026-03-24 06:57:49,982 - main - INFO - Included router: routers.aihub.router
2026-03-24 06:57:50,024 - main - INFO - Included router: routers.article_reads.router
2026-03-24 06:57:50,038 - main - INFO - Included router: routers.article_reads_custom.router
2026-03-24 06:57:50,061 - main - INFO - Included router: routers.auth.router
2026-03-24 06:57:50,064 - main - INFO - Included router: routers.health.router
2026-03-24 06:57:50,091 - main - INFO - Included router: routers.settings.router
2026-03-24 06:57:50,134 - main - INFO - Included router: routers.storage.router
2026-03-24 06:57:50,145 - main - INFO - Included router: routers.user.router
2026-03-24 06:57:50,146 - main - INFO - === Application startup initiated ===
2026-03-24 06:57:50,146 - services.database - INFO - Ignore creating tables
2026-03-24 06:57:50,146 - services.mock_data - INFO - Ignore initialize data
2026-03-24 06:57:50,147 - services.auth - INFO - Ignore initialize admin
2026-03-24 06:57:50,147 - main - INFO - === Application startup completed successfully ===
2026-03-24 06:58:15,128 - core.database - DEBUG - [DB_OP] Starting get_db session creation
2026-03-24 06:58:15,129 - core.database - WARNING - Database session maker not available, attempting lazy initialization...
2026-03-24 06:58:15,129 - core.database - WARNING - Database not initialized, attempting lazy initialization...
2026-03-24 06:58:15,129 - core.database - INFO - Starting database initialization...
2026-03-24 06:58:15,129 - core.config - DEBUG - Read dynamic attribute database_url from environment variable DATABASE_URL
2026-03-24 06:58:15,129 - core.database - INFO - Normalizing database URL for async compatibility...
2026-03-24 06:58:15,130 - core.database - INFO - Creating async database engine...
2026-03-24 06:58:15,130 - core.database - INFO - Using QueuePool with connection pooling for non-Lambda environment
2026-03-24 06:58:15,265 - core.database - INFO - Database engine created successfully
2026-03-24 06:58:15,265 - core.database - INFO - Creating async session maker...
2026-03-24 06:58:15,266 - core.database - INFO - Async session maker created successfully
2026-03-24 06:58:15,266 - core.database - INFO - Database connection initialized successfully
2026-03-24 06:58:15,266 - core.database - DEBUG - [DB_OP] Starting create_tables
2026-03-24 06:58:15,266 - core.database - INFO - 🔧 Starting table creation...
2026-03-24 06:58:16,689 - core.database - INFO - Tables initialized successfully
2026-03-24 06:58:16,689 - core.database - DEBUG - [DB_OP] Create tables completed in 1.4231s
2026-03-24 06:58:16,755 - core.database - INFO - Lazy database initialization completed successfully
2026-03-24 06:58:16,757 - core.database - DEBUG - [DB_OP] Database session created successfully in 1.6293s
2026-03-24 06:58:17,218 - core.database - DEBUG - [DB_OP] Database session cleanup after 2.0900s
2026-03-24 06:59:46,769 - core.database - DEBUG - [DB_OP] Starting get_db session creation
2026-03-24 06:59:46,770 - core.database - DEBUG - [DB_OP] Database session created successfully in 0.0006s
2026-03-24 06:59:47,097 - core.database - DEBUG - [DB_OP] Database session cleanup after 0.3276s
2026-03-24 07:00:03,023 - core.database - DEBUG - [DB_OP] Starting get_db session creation
2026-03-24 07:00:03,024 - core.database - DEBUG - [DB_OP] Database session created successfully in 0.0005s
2026-03-24 07:00:03,352 - core.database - DEBUG - [DB_OP] Database session cleanup after 0.3289s
2026-03-24 07:00:32,252 - core.database - DEBUG - [DB_OP] Starting get_db session creation
2026-03-24 07:00:32,253 - core.database - DEBUG - [DB_OP] Database session created successfully in 0.0007s
2026-03-24 07:00:32,479 - core.database - DEBUG - [DB_OP] Starting get_db session creation
2026-03-24 07:00:32,479 - core.database - DEBUG - [DB_OP] Database session created successfully in 0.0005s
2026-03-24 07:00:32,583 - core.database - DEBUG - [DB_OP] Database session cleanup after 0.3306s
2026-03-24 07:00:33,079 - core.database - DEBUG - [DB_OP] Database session cleanup after 0.6001s
2026-03-24 07:01:30,841 - services.database - DEBUG - [DB_OP] Starting database close
2026-03-24 07:01:30,974 - core.database - INFO - Database connection closed and engine disposed
2026-03-24 07:01:30,975 - services.database - INFO - Database connections closed
2026-03-24 07:01:30,975 - services.database - DEBUG - [DB_OP] Database close completed in 0.1337s
