2026-03-24 06:28:20,738 - main - INFO - === Logging system initialized ===
2026-03-24 06:28:20,738 - main - INFO - Log file: logs/app_20260324_062820.log
2026-03-24 06:28:20,738 - main - INFO - Log level: INFO
2026-03-24 06:28:20,738 - main - INFO - Timestamp: 20260324_062820
2026-03-24 06:28:21,603 - main - INFO - Included router: routers.aihub.router
2026-03-24 06:28:21,661 - main - INFO - Included router: routers.article_reads.router
2026-03-24 06:28:21,722 - main - INFO - Included router: routers.article_reads_custom.router
2026-03-24 06:28:21,751 - main - INFO - Included router: routers.auth.router
2026-03-24 06:28:21,756 - main - INFO - Included router: routers.health.router
2026-03-24 06:28:21,782 - main - INFO - Included router: routers.settings.router
2026-03-24 06:28:21,835 - main - INFO - Included router: routers.storage.router
2026-03-24 06:28:21,849 - main - INFO - Included router: routers.user.router
2026-03-24 06:28:21,853 - main - INFO - === Application startup initiated ===
2026-03-24 06:28:21,853 - services.database - INFO - Ignore creating tables
2026-03-24 06:28:21,854 - services.mock_data - INFO - Ignore initialize data
2026-03-24 06:28:21,854 - services.auth - INFO - Ignore initialize admin
2026-03-24 06:28:21,854 - main - INFO - === Application startup completed successfully ===
2026-03-24 06:28:36,171 - core.database - DEBUG - [DB_OP] Starting get_db session creation
2026-03-24 06:28:36,171 - core.database - WARNING - Database session maker not available, attempting lazy initialization...
2026-03-24 06:28:36,172 - core.database - WARNING - Database not initialized, attempting lazy initialization...
2026-03-24 06:28:36,172 - core.database - INFO - Starting database initialization...
2026-03-24 06:28:36,172 - core.config - DEBUG - Read dynamic attribute database_url from environment variable DATABASE_URL
2026-03-24 06:28:36,172 - core.database - INFO - Normalizing database URL for async compatibility...
2026-03-24 06:28:36,173 - core.database - INFO - Creating async database engine...
2026-03-24 06:28:36,173 - core.database - INFO - Using QueuePool with connection pooling for non-Lambda environment
2026-03-24 06:28:36,384 - core.database - INFO - Database engine created successfully
2026-03-24 06:28:36,384 - core.database - INFO - Creating async session maker...
2026-03-24 06:28:36,385 - core.database - INFO - Async session maker created successfully
2026-03-24 06:28:36,386 - core.database - INFO - Database connection initialized successfully
2026-03-24 06:28:36,386 - core.database - DEBUG - [DB_OP] Starting create_tables
2026-03-24 06:28:36,386 - core.database - INFO - 🔧 Starting table creation...
2026-03-24 06:28:37,726 - core.database - INFO - Tables initialized successfully
2026-03-24 06:28:37,726 - core.database - DEBUG - [DB_OP] Create tables completed in 1.3398s
2026-03-24 06:28:37,787 - core.database - INFO - Lazy database initialization completed successfully
2026-03-24 06:28:37,787 - core.database - DEBUG - [DB_OP] Database session created successfully in 1.6164s
2026-03-24 06:28:38,218 - core.database - DEBUG - [DB_OP] Database session cleanup after 2.0468s
2026-03-24 06:28:53,054 - core.database - DEBUG - [DB_OP] Starting get_db session creation
2026-03-24 06:28:53,055 - core.database - DEBUG - [DB_OP] Database session created successfully in 0.0004s
2026-03-24 06:28:53,607 - core.database - DEBUG - [DB_OP] Database session cleanup after 0.5520s
2026-03-24 06:29:00,893 - core.database - DEBUG - [DB_OP] Starting get_db session creation
2026-03-24 06:29:00,893 - core.database - DEBUG - [DB_OP] Database session created successfully in 0.0003s
2026-03-24 06:29:01,195 - core.database - DEBUG - [DB_OP] Database session cleanup after 0.3024s
2026-03-24 06:29:11,063 - core.database - DEBUG - [DB_OP] Starting get_db session creation
2026-03-24 06:29:11,064 - core.database - DEBUG - [DB_OP] Database session created successfully in 0.0008s
2026-03-24 06:29:11,367 - core.database - DEBUG - [DB_OP] Database session cleanup after 0.3036s
2026-03-24 06:29:11,540 - core.database - DEBUG - [DB_OP] Starting get_db session creation
2026-03-24 06:29:11,541 - core.database - DEBUG - [DB_OP] Database session created successfully in 0.0008s
2026-03-24 06:29:11,844 - core.database - DEBUG - [DB_OP] Database session cleanup after 0.3037s
2026-03-24 06:29:19,900 - core.database - DEBUG - [DB_OP] Starting get_db session creation
2026-03-24 06:29:19,901 - core.database - DEBUG - [DB_OP] Database session created successfully in 0.0006s
2026-03-24 06:29:20,206 - core.database - DEBUG - [DB_OP] Database session cleanup after 0.3056s
2026-03-24 06:29:43,874 - core.database - DEBUG - [DB_OP] Starting get_db session creation
2026-03-24 06:29:43,875 - core.database - DEBUG - [DB_OP] Database session created successfully in 0.0014s
2026-03-24 06:29:44,182 - core.database - DEBUG - [DB_OP] Database session cleanup after 0.3079s
2026-03-24 06:30:20,302 - core.database - DEBUG - [DB_OP] Starting get_db session creation
2026-03-24 06:30:20,302 - core.database - DEBUG - [DB_OP] Database session created successfully in 0.0005s
2026-03-24 06:30:20,612 - core.database - DEBUG - [DB_OP] Database session cleanup after 0.3101s
2026-03-24 06:30:20,744 - core.database - DEBUG - [DB_OP] Starting get_db session creation
2026-03-24 06:30:20,745 - core.database - DEBUG - [DB_OP] Database session created successfully in 0.0005s
2026-03-24 06:30:21,049 - core.database - DEBUG - [DB_OP] Database session cleanup after 0.3053s
2026-03-24 06:30:54,141 - core.database - DEBUG - [DB_OP] Starting get_db session creation
2026-03-24 06:30:54,142 - core.database - DEBUG - [DB_OP] Database session created successfully in 0.0011s
2026-03-24 06:30:54,570 - core.database - DEBUG - [DB_OP] Database session cleanup after 0.4295s
2026-03-24 06:34:02,389 - services.database - DEBUG - [DB_OP] Starting database close
2026-03-24 06:34:02,453 - core.database - INFO - Database connection closed and engine disposed
2026-03-24 06:34:02,454 - services.database - INFO - Database connections closed
2026-03-24 06:34:02,454 - services.database - DEBUG - [DB_OP] Database close completed in 0.0651s
