2026-03-24 07:20:45,782 - main - INFO - === Logging system initialized ===
2026-03-24 07:20:45,782 - main - INFO - Log file: logs/app_20260324_072045.log
2026-03-24 07:20:45,783 - main - INFO - Log level: INFO
2026-03-24 07:20:45,783 - main - INFO - Timestamp: 20260324_072045
2026-03-24 07:20:46,560 - main - INFO - Included router: routers.aihub.router
2026-03-24 07:20:46,602 - main - INFO - Included router: routers.article_reads.router
2026-03-24 07:20:46,611 - main - INFO - Included router: routers.article_reads_custom.router
2026-03-24 07:20:46,636 - main - INFO - Included router: routers.auth.router
2026-03-24 07:20:46,639 - main - INFO - Included router: routers.health.router
2026-03-24 07:20:46,660 - main - INFO - Included router: routers.settings.router
2026-03-24 07:20:46,700 - main - INFO - Included router: routers.storage.router
2026-03-24 07:20:46,712 - main - INFO - Included router: routers.user.router
2026-03-24 07:20:46,714 - main - INFO - === Application startup initiated ===
2026-03-24 07:20:46,714 - services.database - INFO - Ignore creating tables
2026-03-24 07:20:46,715 - services.mock_data - INFO - Ignore initialize data
2026-03-24 07:20:46,715 - services.auth - INFO - Ignore initialize admin
2026-03-24 07:20:46,715 - main - INFO - === Application startup completed successfully ===
2026-03-24 07:20:50,459 - core.database - DEBUG - [DB_OP] Starting get_db session creation
2026-03-24 07:20:50,459 - core.database - WARNING - Database session maker not available, attempting lazy initialization...
2026-03-24 07:20:50,460 - core.database - WARNING - Database not initialized, attempting lazy initialization...
2026-03-24 07:20:50,460 - core.database - INFO - Starting database initialization...
2026-03-24 07:20:50,460 - core.config - DEBUG - Read dynamic attribute database_url from environment variable DATABASE_URL
2026-03-24 07:20:50,460 - core.database - INFO - Normalizing database URL for async compatibility...
2026-03-24 07:20:50,461 - core.database - INFO - Creating async database engine...
2026-03-24 07:20:50,461 - core.database - INFO - Using QueuePool with connection pooling for non-Lambda environment
2026-03-24 07:20:50,586 - core.database - INFO - Database engine created successfully
2026-03-24 07:20:50,587 - core.database - INFO - Creating async session maker...
2026-03-24 07:20:50,587 - core.database - INFO - Async session maker created successfully
2026-03-24 07:20:50,587 - core.database - INFO - Database connection initialized successfully
2026-03-24 07:20:50,587 - core.database - DEBUG - [DB_OP] Starting create_tables
2026-03-24 07:20:50,587 - core.database - INFO - 🔧 Starting table creation...
2026-03-24 07:20:51,923 - core.database - INFO - Tables initialized successfully
2026-03-24 07:20:51,923 - core.database - DEBUG - [DB_OP] Create tables completed in 1.3358s
2026-03-24 07:20:51,984 - core.database - INFO - Lazy database initialization completed successfully
2026-03-24 07:20:51,985 - core.database - DEBUG - [DB_OP] Database session created successfully in 1.5260s
2026-03-24 07:20:52,416 - core.database - DEBUG - [DB_OP] Database session cleanup after 1.9571s
2026-03-24 07:27:06,526 - core.database - DEBUG - [DB_OP] Starting get_db session creation
2026-03-24 07:27:06,526 - core.database - DEBUG - [DB_OP] Database session created successfully in 0.0007s
2026-03-24 07:27:06,953 - core.database - DEBUG - [DB_OP] Database session cleanup after 0.4276s
2026-03-24 07:27:26,028 - core.database - DEBUG - [DB_OP] Starting get_db session creation
2026-03-24 07:27:26,028 - core.database - DEBUG - [DB_OP] Database session created successfully in 0.0005s
2026-03-24 07:27:26,582 - core.database - DEBUG - [DB_OP] Database session cleanup after 0.5546s
2026-03-24 07:32:14,200 - core.database - DEBUG - [DB_OP] Starting get_db session creation
2026-03-24 07:32:14,200 - core.database - DEBUG - [DB_OP] Database session created successfully in 0.0005s
2026-03-24 07:32:14,627 - core.database - DEBUG - [DB_OP] Database session cleanup after 0.4275s
2026-03-24 07:32:34,783 - core.database - DEBUG - [DB_OP] Starting get_db session creation
2026-03-24 07:32:34,784 - core.database - DEBUG - [DB_OP] Database session created successfully in 0.0007s
2026-03-24 07:32:35,091 - core.database - DEBUG - [DB_OP] Database session cleanup after 0.3078s
2026-03-24 07:32:35,271 - core.database - DEBUG - [DB_OP] Starting get_db session creation
2026-03-24 07:32:35,272 - core.database - DEBUG - [DB_OP] Database session created successfully in 0.0005s
2026-03-24 07:32:35,574 - core.database - DEBUG - [DB_OP] Database session cleanup after 0.3030s
2026-03-24 07:33:08,100 - core.database - DEBUG - [DB_OP] Starting get_db session creation
2026-03-24 07:33:08,101 - core.database - DEBUG - [DB_OP] Database session created successfully in 0.0007s
2026-03-24 07:33:08,405 - core.database - DEBUG - [DB_OP] Database session cleanup after 0.3049s
2026-03-24 07:33:43,182 - core.database - DEBUG - [DB_OP] Starting get_db session creation
2026-03-24 07:33:43,183 - core.database - DEBUG - [DB_OP] Database session created successfully in 0.0005s
2026-03-24 07:33:43,490 - core.database - DEBUG - [DB_OP] Database session cleanup after 0.3073s
2026-03-24 07:34:18,906 - services.database - DEBUG - [DB_OP] Starting database close
2026-03-24 07:34:18,971 - core.database - INFO - Database connection closed and engine disposed
2026-03-24 07:34:18,971 - services.database - INFO - Database connections closed
2026-03-24 07:34:18,972 - services.database - DEBUG - [DB_OP] Database close completed in 0.0662s
