2026-03-24 08:02:44,127 - main - INFO - === Logging system initialized ===
2026-03-24 08:02:44,127 - main - INFO - Log file: logs/app_20260324_080244.log
2026-03-24 08:02:44,127 - main - INFO - Log level: INFO
2026-03-24 08:02:44,128 - main - INFO - Timestamp: 20260324_080244
2026-03-24 08:02:56,350 - main - INFO - Included router: routers.aihub.router
2026-03-24 08:02:56,452 - main - INFO - Included router: routers.article_reads.router
2026-03-24 08:02:56,528 - main - INFO - Included router: routers.article_reads_custom.router
2026-03-24 08:02:56,761 - main - INFO - Included router: routers.auth.router
2026-03-24 08:02:56,776 - main - INFO - Included router: routers.health.router
2026-03-24 08:02:56,807 - main - INFO - Included router: routers.settings.router
2026-03-24 08:02:57,000 - main - INFO - Included router: routers.storage.router
2026-03-24 08:02:57,193 - main - INFO - Included router: routers.user.router
2026-03-24 08:02:57,195 - main - INFO - === Application startup initiated ===
2026-03-24 08:02:57,195 - services.database - INFO - Ignore creating tables
2026-03-24 08:02:57,195 - services.mock_data - INFO - Ignore initialize data
2026-03-24 08:02:57,195 - services.auth - INFO - Ignore initialize admin
2026-03-24 08:02:57,195 - main - INFO - === Application startup completed successfully ===
2026-03-24 08:03:07,217 - core.database - DEBUG - [DB_OP] Starting get_db session creation
2026-03-24 08:03:07,217 - core.database - WARNING - Database session maker not available, attempting lazy initialization...
2026-03-24 08:03:07,217 - core.database - WARNING - Database not initialized, attempting lazy initialization...
2026-03-24 08:03:07,217 - core.database - INFO - Starting database initialization...
2026-03-24 08:03:07,217 - core.config - DEBUG - Read dynamic attribute database_url from environment variable DATABASE_URL
2026-03-24 08:03:07,217 - core.database - INFO - Normalizing database URL for async compatibility...
2026-03-24 08:03:07,218 - core.database - INFO - Creating async database engine...
2026-03-24 08:03:07,218 - core.database - INFO - Using QueuePool with connection pooling for non-Lambda environment
2026-03-24 08:03:07,362 - core.database - INFO - Database engine created successfully
2026-03-24 08:03:07,362 - core.database - INFO - Creating async session maker...
2026-03-24 08:03:07,363 - core.database - INFO - Async session maker created successfully
2026-03-24 08:03:07,363 - core.database - INFO - Database connection initialized successfully
2026-03-24 08:03:07,363 - core.database - DEBUG - [DB_OP] Starting create_tables
2026-03-24 08:03:07,363 - core.database - INFO - 🔧 Starting table creation...
2026-03-24 08:03:09,095 - core.database - INFO - Tables initialized successfully
2026-03-24 08:03:09,095 - core.database - DEBUG - [DB_OP] Create tables completed in 1.7322s
2026-03-24 08:03:09,154 - core.database - INFO - Lazy database initialization completed successfully
2026-03-24 08:03:09,155 - core.database - DEBUG - [DB_OP] Database session created successfully in 1.9384s
2026-03-24 08:03:09,575 - core.database - DEBUG - [DB_OP] Database session cleanup after 2.3587s
2026-03-24 08:03:25,606 - core.database - DEBUG - [DB_OP] Starting get_db session creation
2026-03-24 08:03:25,607 - core.database - DEBUG - [DB_OP] Database session created successfully in 0.0006s
2026-03-24 08:03:25,901 - core.database - DEBUG - [DB_OP] Database session cleanup after 0.2947s
2026-03-24 08:04:07,734 - core.database - DEBUG - [DB_OP] Starting get_db session creation
2026-03-24 08:04:07,735 - core.database - DEBUG - [DB_OP] Database session created successfully in 0.0005s
2026-03-24 08:04:08,033 - core.database - DEBUG - [DB_OP] Database session cleanup after 0.2984s
2026-03-24 08:06:30,180 - services.database - DEBUG - [DB_OP] Starting database close
2026-03-24 08:06:30,243 - core.database - INFO - Database connection closed and engine disposed
2026-03-24 08:06:30,244 - services.database - INFO - Database connections closed
2026-03-24 08:06:30,244 - services.database - DEBUG - [DB_OP] Database close completed in 0.0634s
