2026-03-24 07:07:02,489 - main - INFO - === Logging system initialized ===
2026-03-24 07:07:02,489 - main - INFO - Log file: logs/app_20260324_070702.log
2026-03-24 07:07:02,490 - main - INFO - Log level: INFO
2026-03-24 07:07:02,490 - main - INFO - Timestamp: 20260324_070702
2026-03-24 07:07:03,210 - main - INFO - Included router: routers.aihub.router
2026-03-24 07:07:03,252 - main - INFO - Included router: routers.article_reads.router
2026-03-24 07:07:03,262 - main - INFO - Included router: routers.article_reads_custom.router
2026-03-24 07:07:03,283 - main - INFO - Included router: routers.auth.router
2026-03-24 07:07:03,285 - main - INFO - Included router: routers.health.router
2026-03-24 07:07:03,309 - main - INFO - Included router: routers.settings.router
2026-03-24 07:07:03,357 - main - INFO - Included router: routers.storage.router
2026-03-24 07:07:03,367 - main - INFO - Included router: routers.user.router
2026-03-24 07:07:03,369 - main - INFO - === Application startup initiated ===
2026-03-24 07:07:03,369 - services.database - INFO - Ignore creating tables
2026-03-24 07:07:03,369 - services.mock_data - INFO - Ignore initialize data
2026-03-24 07:07:03,369 - services.auth - INFO - Ignore initialize admin
2026-03-24 07:07:03,369 - main - INFO - === Application startup completed successfully ===
2026-03-24 07:07:07,491 - core.database - DEBUG - [DB_OP] Starting get_db session creation
2026-03-24 07:07:07,491 - core.database - WARNING - Database session maker not available, attempting lazy initialization...
2026-03-24 07:07:07,491 - core.database - WARNING - Database not initialized, attempting lazy initialization...
2026-03-24 07:07:07,491 - core.database - INFO - Starting database initialization...
2026-03-24 07:07:07,491 - core.config - DEBUG - Read dynamic attribute database_url from environment variable DATABASE_URL
2026-03-24 07:07:07,491 - core.database - INFO - Normalizing database URL for async compatibility...
2026-03-24 07:07:07,492 - core.database - INFO - Creating async database engine...
2026-03-24 07:07:07,493 - core.database - INFO - Using QueuePool with connection pooling for non-Lambda environment
2026-03-24 07:07:07,613 - core.database - INFO - Database engine created successfully
2026-03-24 07:07:07,614 - core.database - INFO - Creating async session maker...
2026-03-24 07:07:07,614 - core.database - INFO - Async session maker created successfully
2026-03-24 07:07:07,614 - core.database - INFO - Database connection initialized successfully
2026-03-24 07:07:07,614 - core.database - DEBUG - [DB_OP] Starting create_tables
2026-03-24 07:07:07,615 - core.database - INFO - 🔧 Starting table creation...
2026-03-24 07:07:09,007 - core.database - INFO - Tables initialized successfully
2026-03-24 07:07:09,008 - core.database - DEBUG - [DB_OP] Create tables completed in 1.3933s
2026-03-24 07:07:09,071 - core.database - INFO - Lazy database initialization completed successfully
2026-03-24 07:07:09,072 - core.database - DEBUG - [DB_OP] Database session created successfully in 1.5817s
2026-03-24 07:07:09,521 - core.database - DEBUG - [DB_OP] Database session cleanup after 2.0300s
2026-03-24 07:07:13,348 - services.database - DEBUG - [DB_OP] Starting database close
2026-03-24 07:07:13,414 - core.database - INFO - Database connection closed and engine disposed
2026-03-24 07:07:13,415 - services.database - INFO - Database connections closed
2026-03-24 07:07:13,415 - services.database - DEBUG - [DB_OP] Database close completed in 0.0670s
