2026-03-24 06:39:08,274 - main - INFO - === Logging system initialized ===
2026-03-24 06:39:08,274 - main - INFO - Log file: logs/app_20260324_063908.log
2026-03-24 06:39:08,274 - main - INFO - Log level: INFO
2026-03-24 06:39:08,274 - main - INFO - Timestamp: 20260324_063908
2026-03-24 06:39:09,062 - main - INFO - Included router: routers.aihub.router
2026-03-24 06:39:09,111 - main - INFO - Included router: routers.article_reads.router
2026-03-24 06:39:09,119 - main - INFO - Included router: routers.article_reads_custom.router
2026-03-24 06:39:09,138 - main - INFO - Included router: routers.auth.router
2026-03-24 06:39:09,140 - main - INFO - Included router: routers.health.router
2026-03-24 06:39:09,170 - main - INFO - Included router: routers.settings.router
2026-03-24 06:39:09,213 - main - INFO - Included router: routers.storage.router
2026-03-24 06:39:09,221 - main - INFO - Included router: routers.user.router
2026-03-24 06:39:09,222 - main - INFO - === Application startup initiated ===
2026-03-24 06:39:09,222 - services.database - INFO - Ignore creating tables
2026-03-24 06:39:09,222 - services.mock_data - INFO - Ignore initialize data
2026-03-24 06:39:09,223 - services.auth - INFO - Ignore initialize admin
2026-03-24 06:39:09,223 - main - INFO - === Application startup completed successfully ===
2026-03-24 06:39:12,653 - core.database - DEBUG - [DB_OP] Starting get_db session creation
2026-03-24 06:39:12,653 - core.database - WARNING - Database session maker not available, attempting lazy initialization...
2026-03-24 06:39:12,653 - core.database - WARNING - Database not initialized, attempting lazy initialization...
2026-03-24 06:39:12,654 - core.database - INFO - Starting database initialization...
2026-03-24 06:39:12,654 - core.config - DEBUG - Read dynamic attribute database_url from environment variable DATABASE_URL
2026-03-24 06:39:12,654 - core.database - INFO - Normalizing database URL for async compatibility...
2026-03-24 06:39:12,655 - core.database - INFO - Creating async database engine...
2026-03-24 06:39:12,655 - core.database - INFO - Using QueuePool with connection pooling for non-Lambda environment
2026-03-24 06:39:12,792 - core.database - INFO - Database engine created successfully
2026-03-24 06:39:12,792 - core.database - INFO - Creating async session maker...
2026-03-24 06:39:12,793 - core.database - INFO - Async session maker created successfully
2026-03-24 06:39:12,793 - core.database - INFO - Database connection initialized successfully
2026-03-24 06:39:12,793 - core.database - DEBUG - [DB_OP] Starting create_tables
2026-03-24 06:39:12,793 - core.database - INFO - 🔧 Starting table creation...
2026-03-24 06:39:14,161 - core.database - INFO - Tables initialized successfully
2026-03-24 06:39:14,161 - core.database - DEBUG - [DB_OP] Create tables completed in 1.3682s
2026-03-24 06:39:14,225 - core.database - INFO - Lazy database initialization completed successfully
2026-03-24 06:39:14,225 - core.database - DEBUG - [DB_OP] Database session created successfully in 1.5721s
2026-03-24 06:39:14,668 - core.database - DEBUG - [DB_OP] Database session cleanup after 2.0146s
2026-03-24 06:39:17,398 - core.database - DEBUG - [DB_OP] Starting get_db session creation
2026-03-24 06:39:17,399 - core.database - DEBUG - [DB_OP] Database session created successfully in 0.0005s
2026-03-24 06:39:17,966 - core.database - DEBUG - [DB_OP] Database session cleanup after 0.5676s
2026-03-24 06:39:52,343 - core.database - DEBUG - [DB_OP] Starting get_db session creation
2026-03-24 06:39:52,343 - core.database - DEBUG - [DB_OP] Database session created successfully in 0.0005s
2026-03-24 06:39:52,788 - core.database - DEBUG - [DB_OP] Database session cleanup after 0.4456s
2026-03-24 06:40:23,421 - core.database - DEBUG - [DB_OP] Starting get_db session creation
2026-03-24 06:40:23,422 - core.database - DEBUG - [DB_OP] Database session created successfully in 0.0005s
2026-03-24 06:40:23,737 - core.database - DEBUG - [DB_OP] Database session cleanup after 0.3160s
2026-03-24 06:40:45,136 - core.database - DEBUG - [DB_OP] Starting get_db session creation
2026-03-24 06:40:45,136 - core.database - DEBUG - [DB_OP] Database session created successfully in 0.0006s
2026-03-24 06:40:45,451 - core.database - DEBUG - [DB_OP] Database session cleanup after 0.3152s
2026-03-24 06:40:49,272 - core.database - DEBUG - [DB_OP] Starting get_db session creation
2026-03-24 06:40:49,273 - core.database - DEBUG - [DB_OP] Database session created successfully in 0.0004s
2026-03-24 06:40:49,713 - core.database - DEBUG - [DB_OP] Database session cleanup after 0.4412s
2026-03-24 06:45:21,733 - services.database - DEBUG - [DB_OP] Starting database close
2026-03-24 06:45:21,800 - core.database - INFO - Database connection closed and engine disposed
2026-03-24 06:45:21,800 - services.database - INFO - Database connections closed
2026-03-24 06:45:21,801 - services.database - DEBUG - [DB_OP] Database close completed in 0.0672s
