2026-03-24 07:04:02,467 - main - INFO - === Logging system initialized ===
2026-03-24 07:04:02,467 - main - INFO - Log file: logs/app_20260324_070402.log
2026-03-24 07:04:02,467 - main - INFO - Log level: INFO
2026-03-24 07:04:02,467 - main - INFO - Timestamp: 20260324_070402
2026-03-24 07:04:03,212 - main - INFO - Included router: routers.aihub.router
2026-03-24 07:04:03,267 - main - INFO - Included router: routers.article_reads.router
2026-03-24 07:04:03,276 - main - INFO - Included router: routers.article_reads_custom.router
2026-03-24 07:04:03,297 - main - INFO - Included router: routers.auth.router
2026-03-24 07:04:03,300 - main - INFO - Included router: routers.health.router
2026-03-24 07:04:03,325 - main - INFO - Included router: routers.settings.router
2026-03-24 07:04:03,366 - main - INFO - Included router: routers.storage.router
2026-03-24 07:04:03,376 - main - INFO - Included router: routers.user.router
2026-03-24 07:04:03,377 - main - INFO - === Application startup initiated ===
2026-03-24 07:04:03,377 - services.database - INFO - Ignore creating tables
2026-03-24 07:04:03,377 - services.mock_data - INFO - Ignore initialize data
2026-03-24 07:04:03,377 - services.auth - INFO - Ignore initialize admin
2026-03-24 07:04:03,378 - main - INFO - === Application startup completed successfully ===
2026-03-24 07:04:07,030 - core.database - DEBUG - [DB_OP] Starting get_db session creation
2026-03-24 07:04:07,030 - core.database - WARNING - Database session maker not available, attempting lazy initialization...
2026-03-24 07:04:07,030 - core.database - WARNING - Database not initialized, attempting lazy initialization...
2026-03-24 07:04:07,030 - core.database - INFO - Starting database initialization...
2026-03-24 07:04:07,031 - core.config - DEBUG - Read dynamic attribute database_url from environment variable DATABASE_URL
2026-03-24 07:04:07,031 - core.database - INFO - Normalizing database URL for async compatibility...
2026-03-24 07:04:07,032 - core.database - INFO - Creating async database engine...
2026-03-24 07:04:07,032 - core.database - INFO - Using QueuePool with connection pooling for non-Lambda environment
2026-03-24 07:04:07,227 - core.database - INFO - Database engine created successfully
2026-03-24 07:04:07,227 - core.database - INFO - Creating async session maker...
2026-03-24 07:04:07,227 - core.database - INFO - Async session maker created successfully
2026-03-24 07:04:07,228 - core.database - INFO - Database connection initialized successfully
2026-03-24 07:04:07,228 - core.database - DEBUG - [DB_OP] Starting create_tables
2026-03-24 07:04:07,228 - core.database - INFO - 🔧 Starting table creation...
2026-03-24 07:04:08,539 - core.database - INFO - Tables initialized successfully
2026-03-24 07:04:08,540 - core.database - DEBUG - [DB_OP] Create tables completed in 1.3116s
2026-03-24 07:04:08,600 - core.database - INFO - Lazy database initialization completed successfully
2026-03-24 07:04:08,601 - core.database - DEBUG - [DB_OP] Database session created successfully in 1.5713s
2026-03-24 07:04:09,030 - core.database - DEBUG - [DB_OP] Database session cleanup after 2.0004s
2026-03-24 07:04:25,081 - core.database - DEBUG - [DB_OP] Starting get_db session creation
2026-03-24 07:04:25,081 - core.database - DEBUG - [DB_OP] Database session created successfully in 0.0004s
2026-03-24 07:04:25,382 - core.database - DEBUG - [DB_OP] Database session cleanup after 0.3015s
2026-03-24 07:04:47,703 - core.database - DEBUG - [DB_OP] Starting get_db session creation
2026-03-24 07:04:47,704 - core.database - DEBUG - [DB_OP] Database session created successfully in 0.0005s
2026-03-24 07:04:48,008 - core.database - DEBUG - [DB_OP] Database session cleanup after 0.3046s
2026-03-24 07:05:34,388 - core.database - DEBUG - [DB_OP] Starting get_db session creation
2026-03-24 07:05:34,388 - core.database - DEBUG - [DB_OP] Database session created successfully in 0.0004s
2026-03-24 07:05:34,690 - core.database - DEBUG - [DB_OP] Database session cleanup after 0.3024s
2026-03-24 07:05:52,737 - core.database - DEBUG - [DB_OP] Starting get_db session creation
2026-03-24 07:05:52,737 - core.database - DEBUG - [DB_OP] Database session created successfully in 0.0005s
2026-03-24 07:05:53,040 - core.database - DEBUG - [DB_OP] Database session cleanup after 0.3032s
2026-03-24 07:06:33,625 - core.database - DEBUG - [DB_OP] Starting get_db session creation
2026-03-24 07:06:33,625 - core.database - DEBUG - [DB_OP] Database session created successfully in 0.0005s
2026-03-24 07:06:33,931 - core.database - DEBUG - [DB_OP] Database session cleanup after 0.3058s
2026-03-24 07:06:34,399 - core.database - DEBUG - [DB_OP] Starting get_db session creation
2026-03-24 07:06:34,400 - core.database - DEBUG - [DB_OP] Database session created successfully in 0.0006s
2026-03-24 07:06:34,703 - core.database - DEBUG - [DB_OP] Database session cleanup after 0.3039s
2026-03-24 07:06:49,733 - services.database - DEBUG - [DB_OP] Starting database close
2026-03-24 07:06:49,797 - core.database - INFO - Database connection closed and engine disposed
2026-03-24 07:06:49,798 - services.database - INFO - Database connections closed
2026-03-24 07:06:49,798 - services.database - DEBUG - [DB_OP] Database close completed in 0.0649s
