2026-03-24 07:07:25,572 - main - INFO - === Logging system initialized ===
2026-03-24 07:07:25,573 - main - INFO - Log file: logs/app_20260324_070725.log
2026-03-24 07:07:25,573 - main - INFO - Log level: INFO
2026-03-24 07:07:25,573 - main - INFO - Timestamp: 20260324_070725
2026-03-24 07:07:26,311 - main - INFO - Included router: routers.aihub.router
2026-03-24 07:07:26,349 - main - INFO - Included router: routers.article_reads.router
2026-03-24 07:07:26,357 - main - INFO - Included router: routers.article_reads_custom.router
2026-03-24 07:07:26,375 - main - INFO - Included router: routers.auth.router
2026-03-24 07:07:26,376 - main - INFO - Included router: routers.health.router
2026-03-24 07:07:26,395 - main - INFO - Included router: routers.settings.router
2026-03-24 07:07:26,437 - main - INFO - Included router: routers.storage.router
2026-03-24 07:07:26,447 - main - INFO - Included router: routers.user.router
2026-03-24 07:07:26,448 - main - INFO - === Application startup initiated ===
2026-03-24 07:07:26,448 - services.database - INFO - Ignore creating tables
2026-03-24 07:07:26,448 - services.mock_data - INFO - Ignore initialize data
2026-03-24 07:07:26,449 - services.auth - INFO - Ignore initialize admin
2026-03-24 07:07:26,449 - main - INFO - === Application startup completed successfully ===
2026-03-24 07:07:30,191 - core.database - DEBUG - [DB_OP] Starting get_db session creation
2026-03-24 07:07:30,191 - core.database - WARNING - Database session maker not available, attempting lazy initialization...
2026-03-24 07:07:30,192 - core.database - WARNING - Database not initialized, attempting lazy initialization...
2026-03-24 07:07:30,192 - core.database - INFO - Starting database initialization...
2026-03-24 07:07:30,192 - core.config - DEBUG - Read dynamic attribute database_url from environment variable DATABASE_URL
2026-03-24 07:07:30,192 - core.database - INFO - Normalizing database URL for async compatibility...
2026-03-24 07:07:30,193 - core.database - INFO - Creating async database engine...
2026-03-24 07:07:30,194 - core.database - INFO - Using QueuePool with connection pooling for non-Lambda environment
2026-03-24 07:07:30,299 - core.database - INFO - Database engine created successfully
2026-03-24 07:07:30,299 - core.database - INFO - Creating async session maker...
2026-03-24 07:07:30,299 - core.database - INFO - Async session maker created successfully
2026-03-24 07:07:30,300 - core.database - INFO - Database connection initialized successfully
2026-03-24 07:07:30,300 - core.database - DEBUG - [DB_OP] Starting create_tables
2026-03-24 07:07:30,300 - core.database - INFO - 🔧 Starting table creation...
2026-03-24 07:07:31,627 - core.database - INFO - Tables initialized successfully
2026-03-24 07:07:31,627 - core.database - DEBUG - [DB_OP] Create tables completed in 1.3273s
2026-03-24 07:07:31,687 - core.database - INFO - Lazy database initialization completed successfully
2026-03-24 07:07:31,688 - core.database - DEBUG - [DB_OP] Database session created successfully in 1.4966s
2026-03-24 07:07:32,112 - core.database - DEBUG - [DB_OP] Database session cleanup after 1.9210s
2026-03-24 07:07:59,030 - core.database - DEBUG - [DB_OP] Starting get_db session creation
2026-03-24 07:07:59,031 - core.database - DEBUG - [DB_OP] Database session created successfully in 0.0006s
2026-03-24 07:07:59,330 - core.database - DEBUG - [DB_OP] Database session cleanup after 0.3001s
2026-03-24 07:08:01,576 - core.database - DEBUG - [DB_OP] Starting get_db session creation
2026-03-24 07:08:01,576 - core.database - DEBUG - [DB_OP] Database session created successfully in 0.0005s
2026-03-24 07:08:01,876 - core.database - DEBUG - [DB_OP] Database session cleanup after 0.3002s
2026-03-24 07:08:35,920 - core.database - DEBUG - [DB_OP] Starting get_db session creation
2026-03-24 07:08:35,921 - core.database - DEBUG - [DB_OP] Database session created successfully in 0.0006s
2026-03-24 07:08:36,222 - core.database - DEBUG - [DB_OP] Database session cleanup after 0.3019s
2026-03-24 07:08:36,897 - core.database - DEBUG - [DB_OP] Starting get_db session creation
2026-03-24 07:08:36,897 - core.database - DEBUG - [DB_OP] Database session created successfully in 0.0004s
2026-03-24 07:08:37,196 - core.database - DEBUG - [DB_OP] Database session cleanup after 0.2995s
2026-03-24 07:09:03,429 - core.database - DEBUG - [DB_OP] Starting get_db session creation
2026-03-24 07:09:03,430 - core.database - DEBUG - [DB_OP] Database session created successfully in 0.0004s
2026-03-24 07:09:03,974 - core.database - DEBUG - [DB_OP] Database session cleanup after 0.5448s
2026-03-24 07:09:08,880 - services.database - DEBUG - [DB_OP] Starting database close
2026-03-24 07:09:08,944 - core.database - INFO - Database connection closed and engine disposed
2026-03-24 07:09:08,944 - services.database - INFO - Database connections closed
2026-03-24 07:09:08,944 - services.database - DEBUG - [DB_OP] Database close completed in 0.0640s
