2026-03-24 07:01:43,411 - main - INFO - === Logging system initialized ===
2026-03-24 07:01:43,412 - main - INFO - Log file: logs/app_20260324_070143.log
2026-03-24 07:01:43,412 - main - INFO - Log level: INFO
2026-03-24 07:01:43,412 - main - INFO - Timestamp: 20260324_070143
2026-03-24 07:01:44,206 - main - INFO - Included router: routers.aihub.router
2026-03-24 07:01:44,246 - main - INFO - Included router: routers.article_reads.router
2026-03-24 07:01:44,259 - main - INFO - Included router: routers.article_reads_custom.router
2026-03-24 07:01:44,281 - main - INFO - Included router: routers.auth.router
2026-03-24 07:01:44,284 - main - INFO - Included router: routers.health.router
2026-03-24 07:01:44,315 - main - INFO - Included router: routers.settings.router
2026-03-24 07:01:44,353 - main - INFO - Included router: routers.storage.router
2026-03-24 07:01:44,362 - main - INFO - Included router: routers.user.router
2026-03-24 07:01:44,363 - main - INFO - === Application startup initiated ===
2026-03-24 07:01:44,364 - services.database - INFO - Ignore creating tables
2026-03-24 07:01:44,364 - services.mock_data - INFO - Ignore initialize data
2026-03-24 07:01:44,364 - services.auth - INFO - Ignore initialize admin
2026-03-24 07:01:44,365 - main - INFO - === Application startup completed successfully ===
2026-03-24 07:01:47,808 - core.database - DEBUG - [DB_OP] Starting get_db session creation
2026-03-24 07:01:47,808 - core.database - WARNING - Database session maker not available, attempting lazy initialization...
2026-03-24 07:01:47,808 - core.database - WARNING - Database not initialized, attempting lazy initialization...
2026-03-24 07:01:47,809 - core.database - INFO - Starting database initialization...
2026-03-24 07:01:47,809 - core.config - DEBUG - Read dynamic attribute database_url from environment variable DATABASE_URL
2026-03-24 07:01:47,809 - core.database - INFO - Normalizing database URL for async compatibility...
2026-03-24 07:01:47,810 - core.database - INFO - Creating async database engine...
2026-03-24 07:01:47,810 - core.database - INFO - Using QueuePool with connection pooling for non-Lambda environment
2026-03-24 07:01:47,934 - core.database - INFO - Database engine created successfully
2026-03-24 07:01:47,935 - core.database - INFO - Creating async session maker...
2026-03-24 07:01:47,935 - core.database - INFO - Async session maker created successfully
2026-03-24 07:01:47,935 - core.database - INFO - Database connection initialized successfully
2026-03-24 07:01:47,935 - core.database - DEBUG - [DB_OP] Starting create_tables
2026-03-24 07:01:47,935 - core.database - INFO - 🔧 Starting table creation...
2026-03-24 07:01:49,323 - core.database - INFO - Tables initialized successfully
2026-03-24 07:01:49,324 - core.database - DEBUG - [DB_OP] Create tables completed in 1.3887s
2026-03-24 07:01:49,388 - core.database - INFO - Lazy database initialization completed successfully
2026-03-24 07:01:49,388 - core.database - DEBUG - [DB_OP] Database session created successfully in 1.5799s
2026-03-24 07:01:49,836 - core.database - DEBUG - [DB_OP] Database session cleanup after 2.0280s
2026-03-24 07:02:30,322 - core.database - DEBUG - [DB_OP] Starting get_db session creation
2026-03-24 07:02:30,323 - core.database - DEBUG - [DB_OP] Database session created successfully in 0.0007s
2026-03-24 07:02:30,643 - core.database - DEBUG - [DB_OP] Database session cleanup after 0.3210s
2026-03-24 07:02:46,094 - core.database - DEBUG - [DB_OP] Starting get_db session creation
2026-03-24 07:02:46,094 - core.database - DEBUG - [DB_OP] Database session created successfully in 0.0005s
2026-03-24 07:02:46,412 - core.database - DEBUG - [DB_OP] Database session cleanup after 0.3183s
2026-03-24 07:03:13,429 - core.database - DEBUG - [DB_OP] Starting get_db session creation
2026-03-24 07:03:13,429 - core.database - DEBUG - [DB_OP] Database session created successfully in 0.0005s
2026-03-24 07:03:13,681 - core.database - DEBUG - [DB_OP] Starting get_db session creation
2026-03-24 07:03:13,681 - core.database - DEBUG - [DB_OP] Database session created successfully in 0.0005s
2026-03-24 07:03:13,749 - core.database - DEBUG - [DB_OP] Database session cleanup after 0.3202s
2026-03-24 07:03:14,319 - core.database - DEBUG - [DB_OP] Database session cleanup after 0.6386s
2026-03-24 07:03:50,201 - services.database - DEBUG - [DB_OP] Starting database close
2026-03-24 07:03:50,337 - core.database - INFO - Database connection closed and engine disposed
2026-03-24 07:03:50,337 - services.database - INFO - Database connections closed
2026-03-24 07:03:50,337 - services.database - DEBUG - [DB_OP] Database close completed in 0.1367s
